<?xml version="1.0" encoding="UTF-8"?>
<testng-results skipped="0" failed="1" ignored="0" total="1" passed="0">
  <reporter-output>
  </reporter-output>
  <suite name="Booking Automation Suite" duration-ms="168767" started-at="2025-01-12T20:40:23 EET" finished-at="2025-01-12T20:43:12 EET">
    <groups>
    </groups>
    <test name="Booking.com - Test" duration-ms="168767" started-at="2025-01-12T20:40:23 EET" finished-at="2025-01-12T20:43:12 EET">
      <class name="tests.TC01_CheckDatesDisplayedCorrectlyInDetailsPageAndHotelNameShownInReservation">
        <test-method status="PASS" signature="loadConfig()[pri:0, instance:tests.TC01_CheckDatesDisplayedCorrectlyInDetailsPageAndHotelNameShownInReservation@67b467e9]" name="loadConfig" is-config="true" duration-ms="14" started-at="2025-01-12T20:40:23 EET" finished-at="2025-01-12T20:40:23 EET">
          <reporter-output>
          </reporter-output>
        </test-method> <!-- loadConfig -->
        <test-method status="PASS" signature="setup()[pri:0, instance:tests.TC01_CheckDatesDisplayedCorrectlyInDetailsPageAndHotelNameShownInReservation@67b467e9]" name="setup" is-config="true" duration-ms="63209" started-at="2025-01-12T20:40:23 EET" finished-at="2025-01-12T20:41:27 EET">
          <reporter-output>
          </reporter-output>
        </test-method> <!-- setup -->
        <test-method status="PASS" signature="setupPages()[pri:0, instance:tests.TC01_CheckDatesDisplayedCorrectlyInDetailsPageAndHotelNameShownInReservation@67b467e9]" name="setupPages" is-config="true" duration-ms="4040" started-at="2025-01-12T20:41:27 EET" finished-at="2025-01-12T20:41:31 EET">
          <reporter-output>
          </reporter-output>
        </test-method> <!-- setupPages -->
        <test-method status="FAIL" signature="CheckDatesDisplayedCorrectlyInDetailsPageAndHotelNameShownInReservation()[pri:0, instance:tests.TC01_CheckDatesDisplayedCorrectlyInDetailsPageAndHotelNameShownInReservation@67b467e9]" name="CheckDatesDisplayedCorrectlyInDetailsPageAndHotelNameShownInReservation" duration-ms="75005" started-at="2025-01-12T20:41:31 EET" finished-at="2025-01-12T20:42:46 EET">
          <exception class="org.openqa.selenium.NoSuchElementException">
            <message>
              <![CDATA[no such element: Unable to locate element: {"method":"xpath","selector":"//div[@data-testid='title' and text()='Tolip Hotel Alexandria']"}
  (Session info: chrome=131.0.6778.265)
For documentation on this error, please visit: https://www.seleniumhq.org/exceptions/no_such_element.html
Build info: version: '3.141.59', revision: 'e82be7d358', time: '2018-11-14T08:17:03'
System info: host: 'DESKTOP-RT4A8PE', ip: '192.168.1.24', os.name: 'Windows 10', os.arch: 'amd64', os.version: '10.0', java.version: '1.8.0_361'
Driver info: org.openqa.selenium.chrome.ChromeDriver
Capabilities {acceptInsecureCerts: false, browserName: chrome, browserVersion: 131.0.6778.265, chrome: {chromedriverVersion: 131.0.6778.264 (2d05e315153..., userDataDir: C:\Users\Scope\AppData\Loca...}, fedcm:accounts: true, goog:chromeOptions: {debuggerAddress: localhost:49997}, javascriptEnabled: true, networkConnectionEnabled: false, pageLoadStrategy: normal, platform: WINDOWS, platformName: WINDOWS, proxy: Proxy(), setWindowRect: true, strictFileInteractability: false, timeouts: {implicit: 0, pageLoad: 300000, script: 30000}, unhandledPromptBehavior: dismiss and notify, webauthn:extension:credBlob: true, webauthn:extension:largeBlob: true, webauthn:extension:minPinLength: true, webauthn:extension:prf: true, webauthn:virtualAuthenticators: true}
Session ID: dd0e499b3844ef6f5ee26c3110506ccf
*** Element info: {Using=xpath, value=//div[@data-testid='title' and text()='Tolip Hotel Alexandria']}]]>
            </message>
            <full-stacktrace>
              <![CDATA[org.openqa.selenium.NoSuchElementException: no such element: Unable to locate element: {"method":"xpath","selector":"//div[@data-testid='title' and text()='Tolip Hotel Alexandria']"}
  (Session info: chrome=131.0.6778.265)
For documentation on this error, please visit: https://www.seleniumhq.org/exceptions/no_such_element.html
Build info: version: '3.141.59', revision: 'e82be7d358', time: '2018-11-14T08:17:03'
System info: host: 'DESKTOP-RT4A8PE', ip: '192.168.1.24', os.name: 'Windows 10', os.arch: 'amd64', os.version: '10.0', java.version: '1.8.0_361'
Driver info: org.openqa.selenium.chrome.ChromeDriver
Capabilities {acceptInsecureCerts: false, browserName: chrome, browserVersion: 131.0.6778.265, chrome: {chromedriverVersion: 131.0.6778.264 (2d05e315153..., userDataDir: C:\Users\Scope\AppData\Loca...}, fedcm:accounts: true, goog:chromeOptions: {debuggerAddress: localhost:49997}, javascriptEnabled: true, networkConnectionEnabled: false, pageLoadStrategy: normal, platform: WINDOWS, platformName: WINDOWS, proxy: Proxy(), setWindowRect: true, strictFileInteractability: false, timeouts: {implicit: 0, pageLoad: 300000, script: 30000}, unhandledPromptBehavior: dismiss and notify, webauthn:extension:credBlob: true, webauthn:extension:largeBlob: true, webauthn:extension:minPinLength: true, webauthn:extension:prf: true, webauthn:virtualAuthenticators: true}
Session ID: dd0e499b3844ef6f5ee26c3110506ccf
*** Element info: {Using=xpath, value=//div[@data-testid='title' and text()='Tolip Hotel Alexandria']}
at sun.reflect.NativeConstructorAccessorImpl.newInstance0(Native Method)
at sun.reflect.NativeConstructorAccessorImpl.newInstance(Unknown Source)
at sun.reflect.DelegatingConstructorAccessorImpl.newInstance(Unknown Source)
at java.lang.reflect.Constructor.newInstance(Unknown Source)
at org.openqa.selenium.remote.http.W3CHttpResponseCodec.createException(W3CHttpResponseCodec.java:187)
at org.openqa.selenium.remote.http.W3CHttpResponseCodec.decode(W3CHttpResponseCodec.java:122)
at org.openqa.selenium.remote.http.W3CHttpResponseCodec.decode(W3CHttpResponseCodec.java:49)
at org.openqa.selenium.remote.HttpCommandExecutor.execute(HttpCommandExecutor.java:158)
at org.openqa.selenium.remote.service.DriverCommandExecutor.execute(DriverCommandExecutor.java:83)
at org.openqa.selenium.remote.RemoteWebDriver.execute(RemoteWebDriver.java:552)
at org.openqa.selenium.remote.RemoteWebDriver.findElement(RemoteWebDriver.java:323)
at org.openqa.selenium.remote.RemoteWebDriver.findElementByXPath(RemoteWebDriver.java:428)
at org.openqa.selenium.By$ByXPath.findElement(By.java:353)
at org.openqa.selenium.remote.RemoteWebDriver.findElement(RemoteWebDriver.java:315)
at actionDriver.ActionDriver.scrollWithCoordinateY(ActionDriver.java:125)
at pages.ResultPage.checkTolipHotelTitleDisplayed(ResultPage.java:34)
at tests.TC01_CheckDatesDisplayedCorrectlyInDetailsPageAndHotelNameShownInReservation.CheckDatesDisplayedCorrectlyInDetailsPageAndHotelNameShownInReservation(TC01_CheckDatesDisplayedCorrectlyInDetailsPageAndHotelNameShownInReservation.java:34)
at sun.reflect.NativeMethodAccessorImpl.invoke0(Native Method)
at sun.reflect.NativeMethodAccessorImpl.invoke(Unknown Source)
at sun.reflect.DelegatingMethodAccessorImpl.invoke(Unknown Source)
at java.lang.reflect.Method.invoke(Unknown Source)
at org.testng.internal.MethodInvocationHelper.invokeMethod(MethodInvocationHelper.java:133)
at org.testng.internal.TestInvoker.invokeMethod(TestInvoker.java:598)
at org.testng.internal.TestInvoker.invokeTestMethod(TestInvoker.java:173)
at org.testng.internal.MethodRunner.runInSequence(MethodRunner.java:46)
at org.testng.internal.TestInvoker$MethodInvocationAgent.invoke(TestInvoker.java:824)
at org.testng.internal.TestInvoker.invokeTestMethods(TestInvoker.java:146)
at org.testng.internal.TestMethodWorker.invokeTestMethods(TestMethodWorker.java:146)
at org.testng.internal.TestMethodWorker.run(TestMethodWorker.java:128)
at java.util.ArrayList.forEach(Unknown Source)
at org.testng.TestRunner.privateRun(TestRunner.java:794)
at org.testng.TestRunner.run(TestRunner.java:596)
at org.testng.SuiteRunner.runTest(SuiteRunner.java:377)
at org.testng.SuiteRunner.runSequentially(SuiteRunner.java:371)
at org.testng.SuiteRunner.privateRun(SuiteRunner.java:332)
at org.testng.SuiteRunner.run(SuiteRunner.java:276)
at org.testng.SuiteRunnerWorker.runSuite(SuiteRunnerWorker.java:53)
at org.testng.SuiteRunnerWorker.run(SuiteRunnerWorker.java:96)
at org.testng.TestNG.runSuitesSequentially(TestNG.java:1212)
at org.testng.TestNG.runSuitesLocally(TestNG.java:1134)
at org.testng.TestNG.runSuites(TestNG.java:1063)
at org.testng.TestNG.run(TestNG.java:1031)
at org.testng.remote.AbstractRemoteTestNG.run(AbstractRemoteTestNG.java:115)
at org.testng.remote.RemoteTestNG.initAndRun(RemoteTestNG.java:251)
at org.testng.remote.RemoteTestNG.main(RemoteTestNG.java:77)
]]>
            </full-stacktrace>
          </exception> <!-- org.openqa.selenium.NoSuchElementException -->
          <reporter-output>
          </reporter-output>
        </test-method> <!-- CheckDatesDisplayedCorrectlyInDetailsPageAndHotelNameShownInReservation -->
        <test-method status="PASS" signature="tearDown()[pri:0, instance:tests.TC01_CheckDatesDisplayedCorrectlyInDetailsPageAndHotelNameShownInReservation@67b467e9]" name="tearDown" is-config="true" duration-ms="26365" started-at="2025-01-12T20:42:46 EET" finished-at="2025-01-12T20:43:12 EET">
          <reporter-output>
          </reporter-output>
        </test-method> <!-- tearDown -->
      </class> <!-- tests.TC01_CheckDatesDisplayedCorrectlyInDetailsPageAndHotelNameShownInReservation -->
    </test> <!-- Booking.com - Test -->
  </suite> <!-- Booking Automation Suite -->
</testng-results>
