<?xml version="1.0" encoding="UTF-8"?>
<!-- Generated by org.testng.reporters.JUnitXMLReporter -->
<testsuite hostname="DESKTOP-RT4A8PE" ignored="0" name="Booking Tests" tests="1" failures="1" timestamp="2025-01-09T17:08:23 EET" time="0.065" errors="0">
  <testcase name="dummyTest" time="0.01" classname="tests.DummyClass">
    <failure type="java.lang.NullPointerException">
      <![CDATA[java.lang.NullPointerException
at tests.DummyClass.dummyTest(DummyClass.java:16)
at java.util.ArrayList.forEach(Unknown Source)
... Removed 27 stack frames]]>
    </failure>
  </testcase> <!-- dummyTest -->
</testsuite> <!-- Booking Tests -->
